-------------------------------------------------------------------------------
Test set: com.memory.springboot.SpringBoot02ConfigApplicationTests
-------------------------------------------------------------------------------
Tests run: 2, Failures: 0, Errors: 2, Skipped: 0, Time elapsed: 1.45 s <<< FAILURE! - in com.memory.springboot.SpringBoot02ConfigApplicationTests
testHelloService(com.memory.springboot.SpringBoot02ConfigApplicationTests)  Time elapsed: 0.002 s  <<< ERROR!
java.lang.IllegalStateException: Failed to load ApplicationContext
Caused by: org.springframework.beans.factory.BeanDefinitionStoreException: IOException parsing XML document from class path resource [ beans.xml]; nested exception is java.io.FileNotFoundException: class path resource [ beans.xml] cannot be opened because it does not exist
Caused by: java.io.FileNotFoundException: class path resource [ beans.xml] cannot be opened because it does not exist

contextLoads(com.memory.springboot.SpringBoot02ConfigApplicationTests)  Time elapsed: 0 s  <<< ERROR!
java.lang.IllegalStateException: Failed to load ApplicationContext
Caused by: org.springframework.beans.factory.BeanDefinitionStoreException: IOException parsing XML document from class path resource [ beans.xml]; nested exception is java.io.FileNotFoundException: class path resource [ beans.xml] cannot be opened because it does not exist
Caused by: java.io.FileNotFoundException: class path resource [ beans.xml] cannot be opened because it does not exist

